TN:
SF:src\controllers\adminController.js
FN:8,(anonymous_0)
FN:47,(anonymous_1)
FN:62,(anonymous_2)
FN:84,(anonymous_3)
FN:106,(anonymous_4)
FN:136,(anonymous_5)
FNF:6
FNH:6
FNDA:6,(anonymous_0)
FNDA:3,(anonymous_1)
FNDA:3,(anonymous_2)
FNDA:3,(anonymous_3)
FNDA:3,(anonymous_4)
FNDA:3,(anonymous_5)
DA:8,1
DA:9,6
DA:10,6
DA:12,6
DA:13,3
DA:19,3
DA:26,1
DA:30,2
DA:31,2
DA:32,1
DA:37,1
DA:47,1
DA:48,3
DA:49,3
DA:50,2
DA:52,1
DA:62,1
DA:63,3
DA:64,3
DA:65,3
DA:66,1
DA:68,2
DA:69,1
DA:74,1
DA:84,1
DA:85,3
DA:86,3
DA:87,3
DA:88,1
DA:90,2
DA:91,1
DA:96,1
DA:106,1
DA:107,3
DA:108,3
DA:109,3
DA:111,3
DA:115,1
DA:120,2
DA:121,1
DA:126,1
DA:136,1
DA:137,3
DA:138,3
DA:139,3
DA:140,1
DA:144,2
DA:145,1
DA:150,1
LF:49
LH:49
BRDA:12,0,0,3
BRDA:12,0,1,3
BRDA:12,1,0,6
BRDA:12,1,1,5
BRDA:12,1,2,4
BRDA:31,2,0,1
BRDA:31,2,1,1
BRDA:68,3,0,1
BRDA:68,3,1,1
BRDA:90,4,0,1
BRDA:90,4,1,1
BRDA:120,5,0,1
BRDA:120,5,1,1
BRDA:144,6,0,1
BRDA:144,6,1,1
BRF:15
BRH:15
end_of_record
TN:
SF:src\controllers\authController.js
FN:7,(anonymous_0)
FN:100,(anonymous_1)
FN:173,(anonymous_2)
FN:233,(anonymous_3)
FN:288,(anonymous_4)
FN:316,(anonymous_5)
FN:361,(anonymous_6)
FN:415,(anonymous_7)
FN:456,(anonymous_8)
FN:512,(anonymous_9)
FN:580,(anonymous_10)
FNF:11
FNH:11
FNDA:12,(anonymous_0)
FNDA:9,(anonymous_1)
FNDA:6,(anonymous_2)
FNDA:6,(anonymous_3)
FNDA:4,(anonymous_4)
FNDA:5,(anonymous_5)
FNDA:7,(anonymous_6)
FNDA:5,(anonymous_7)
FNDA:6,(anonymous_8)
FNDA:8,(anonymous_9)
FNDA:5,(anonymous_10)
DA:7,1
DA:8,12
DA:9,12
DA:12,12
DA:13,3
DA:25,9
DA:30,1
DA:37,8
DA:38,1
DA:44,7
DA:45,1
DA:52,6
DA:53,6
DA:54,6
DA:55,1
DA:61,5
DA:68,2
DA:72,3
DA:75,3
DA:76,1
DA:82,2
DA:83,1
DA:90,1
DA:100,1
DA:101,9
DA:102,9
DA:105,9
DA:106,2
DA:119,7
DA:120,1
DA:127,6
DA:128,1
DA:134,5
DA:137,3
DA:138,1
DA:145,2
DA:151,2
DA:154,2
DA:155,1
DA:163,1
DA:173,1
DA:174,6
DA:175,6
DA:178,6
DA:179,1
DA:186,5
DA:187,1
DA:194,4
DA:195,1
DA:201,3
DA:203,1
DA:209,2
DA:212,2
DA:216,1
DA:223,1
DA:233,1
DA:234,6
DA:235,6
DA:238,6
DA:239,1
DA:246,5
DA:247,1
DA:254,4
DA:255,1
DA:261,3
DA:263,1
DA:267,2
DA:270,2
DA:271,1
DA:278,1
DA:288,1
DA:289,4
DA:291,4
DA:294,4
DA:295,2
DA:301,2
DA:303,1
DA:308,1
DA:309,1
DA:316,1
DA:317,5
DA:318,5
DA:320,5
DA:321,1
DA:327,4
DA:328,1
DA:334,3
DA:336,1
DA:342,2
DA:344,2
DA:348,1
DA:354,1
DA:361,1
DA:362,7
DA:363,7
DA:364,7
DA:365,1
DA:371,6
DA:372,1
DA:378,5
DA:379,5
DA:380,1
DA:386,4
DA:388,1
DA:392,3
DA:394,3
DA:395,1
DA:401,2
DA:402,1
DA:408,1
DA:415,1
DA:416,5
DA:417,5
DA:418,5
DA:419,1
DA:425,4
DA:426,1
DA:432,3
DA:433,3
DA:434,1
DA:440,2
DA:442,1
DA:447,1
DA:449,1
DA:456,1
DA:457,6
DA:458,6
DA:460,6
DA:461,1
DA:473,5
DA:474,1
DA:480,4
DA:481,1
DA:487,3
DA:489,1
DA:493,2
DA:495,2
DA:499,1
DA:505,1
DA:512,1
DA:513,8
DA:514,8
DA:515,8
DA:517,8
DA:518,1
DA:524,7
DA:525,2
DA:539,5
DA:540,1
DA:546,4
DA:548,1
DA:552,3
DA:554,3
DA:555,1
DA:561,2
DA:562,1
DA:568,1
DA:580,1
DA:581,5
DA:582,5
DA:585,5
DA:586,1
DA:593,4
DA:594,4
DA:595,1
DA:601,3
DA:603,1
DA:608,2
DA:610,2
DA:611,1
DA:617,1
LF:171
LH:171
BRDA:12,0,0,3
BRDA:12,0,1,9
BRDA:12,1,0,12
BRDA:12,1,1,11
BRDA:12,1,2,10
BRDA:17,2,0,1
BRDA:17,2,1,2
BRDA:18,3,0,1
BRDA:18,3,1,2
BRDA:19,4,0,1
BRDA:19,4,1,2
BRDA:25,5,0,1
BRDA:25,5,1,8
BRDA:26,6,0,9
BRDA:26,6,1,8
BRDA:26,6,2,8
BRDA:37,7,0,1
BRDA:37,7,1,7
BRDA:44,8,0,1
BRDA:44,8,1,6
BRDA:54,9,0,1
BRDA:54,9,1,5
BRDA:75,10,0,1
BRDA:75,10,1,2
BRDA:82,11,0,1
BRDA:82,11,1,1
BRDA:105,12,0,2
BRDA:105,12,1,7
BRDA:105,13,0,9
BRDA:105,13,1,8
BRDA:110,14,0,1
BRDA:110,14,1,1
BRDA:113,15,0,1
BRDA:113,15,1,1
BRDA:119,16,0,1
BRDA:119,16,1,6
BRDA:119,17,0,7
BRDA:119,17,1,6
BRDA:127,18,0,1
BRDA:127,18,1,5
BRDA:127,19,0,6
BRDA:127,19,1,5
BRDA:137,20,0,1
BRDA:137,20,1,2
BRDA:154,21,0,1
BRDA:154,21,1,1
BRDA:178,22,0,1
BRDA:178,22,1,5
BRDA:186,23,0,1
BRDA:186,23,1,4
BRDA:194,24,0,1
BRDA:194,24,1,3
BRDA:212,25,0,1
BRDA:212,25,1,1
BRDA:213,26,0,2
BRDA:213,26,1,1
BRDA:238,27,0,1
BRDA:238,27,1,5
BRDA:246,28,0,1
BRDA:246,28,1,4
BRDA:254,29,0,1
BRDA:254,29,1,3
BRDA:254,30,0,4
BRDA:254,30,1,2
BRDA:270,31,0,1
BRDA:270,31,1,1
BRDA:294,32,0,2
BRDA:294,32,1,2
BRDA:320,33,0,1
BRDA:320,33,1,4
BRDA:327,34,0,1
BRDA:327,34,1,3
BRDA:344,35,0,1
BRDA:344,35,1,1
BRDA:345,36,0,2
BRDA:345,36,1,1
BRDA:364,37,0,1
BRDA:364,37,1,6
BRDA:371,38,0,1
BRDA:371,38,1,5
BRDA:379,39,0,1
BRDA:379,39,1,4
BRDA:394,40,0,1
BRDA:394,40,1,2
BRDA:401,41,0,1
BRDA:401,41,1,1
BRDA:418,42,0,1
BRDA:418,42,1,4
BRDA:425,43,0,1
BRDA:425,43,1,3
BRDA:433,44,0,1
BRDA:433,44,1,2
BRDA:460,45,0,1
BRDA:460,45,1,5
BRDA:460,46,0,6
BRDA:460,46,1,6
BRDA:465,47,0,0
BRDA:465,47,1,1
BRDA:468,48,0,1
BRDA:468,48,1,0
BRDA:473,49,0,1
BRDA:473,49,1,4
BRDA:473,50,0,5
BRDA:473,50,1,4
BRDA:480,51,0,1
BRDA:480,51,1,3
BRDA:495,52,0,1
BRDA:495,52,1,1
BRDA:496,53,0,2
BRDA:496,53,1,1
BRDA:517,54,0,1
BRDA:517,54,1,7
BRDA:524,55,0,2
BRDA:524,55,1,5
BRDA:524,56,0,7
BRDA:524,56,1,6
BRDA:529,57,0,1
BRDA:529,57,1,1
BRDA:532,58,0,1
BRDA:532,58,1,1
BRDA:539,59,0,1
BRDA:539,59,1,4
BRDA:554,60,0,1
BRDA:554,60,1,2
BRDA:561,61,0,1
BRDA:561,61,1,1
BRDA:585,62,0,1
BRDA:585,62,1,4
BRDA:594,63,0,1
BRDA:594,63,1,3
BRDA:610,64,0,1
BRDA:610,64,1,1
BRF:132
BRH:130
end_of_record
TN:
SF:src\controllers\profileController.js
FN:13,deleteFileFromS3
FN:30,(anonymous_1)
FN:77,(anonymous_2)
FN:109,(anonymous_3)
FN:133,(anonymous_4)
FN:157,(anonymous_5)
FN:191,(anonymous_6)
FN:199,(anonymous_7)
FN:283,(anonymous_8)
FN:319,(anonymous_9)
FN:345,(anonymous_10)
FN:363,(anonymous_11)
FNF:12
FNH:10
FNDA:0,deleteFileFromS3
FNDA:0,(anonymous_1)
FNDA:3,(anonymous_2)
FNDA:3,(anonymous_3)
FNDA:3,(anonymous_4)
FNDA:5,(anonymous_5)
FNDA:7,(anonymous_6)
FNDA:18,(anonymous_7)
FNDA:5,(anonymous_8)
FNDA:3,(anonymous_9)
FNDA:3,(anonymous_10)
FNDA:3,(anonymous_11)
DA:14,0
DA:16,0
DA:17,0
DA:18,0
DA:22,0
DA:23,0
DA:26,0
DA:30,1
DA:31,0
DA:32,0
DA:33,0
DA:35,0
DA:39,0
DA:41,0
DA:42,0
DA:45,0
DA:50,0
DA:51,0
DA:52,0
DA:53,0
DA:55,0
DA:56,0
DA:57,0
DA:60,0
DA:62,0
DA:64,0
DA:68,0
DA:69,0
DA:77,1
DA:78,3
DA:79,3
DA:82,3
DA:87,2
DA:88,1
DA:95,1
DA:96,1
DA:98,1
DA:100,1
DA:101,1
DA:109,1
DA:110,3
DA:111,3
DA:113,3
DA:115,2
DA:116,1
DA:122,1
DA:124,1
DA:125,1
DA:133,1
DA:134,3
DA:135,3
DA:137,3
DA:139,2
DA:140,1
DA:146,1
DA:148,1
DA:149,1
DA:157,1
DA:158,5
DA:159,5
DA:163,5
DA:165,5
DA:167,2
DA:170,3
DA:173,4
DA:174,2
DA:180,2
DA:182,1
DA:183,1
DA:191,1
DA:192,7
DA:193,7
DA:194,7
DA:197,7
DA:198,7
DA:199,18
DA:202,7
DA:203,3
DA:211,4
DA:212,0
DA:213,0
DA:220,0
DA:221,0
DA:228,0
DA:236,4
DA:238,0
DA:240,0
DA:242,0
DA:247,0
DA:251,0
DA:256,0
DA:261,4
DA:263,2
DA:265,2
DA:267,2
DA:268,1
DA:274,1
DA:283,1
DA:284,5
DA:285,5
DA:287,5
DA:288,2
DA:294,3
DA:295,3
DA:297,3
DA:302,2
DA:304,2
DA:305,0
DA:311,2
DA:319,1
DA:320,3
DA:321,3
DA:323,3
DA:324,1
DA:330,2
DA:332,1
DA:336,1
DA:337,1
DA:345,1
DA:346,3
DA:347,3
DA:348,3
DA:350,3
DA:352,2
DA:354,1
DA:355,1
DA:363,1
DA:364,3
DA:365,3
DA:368,3
DA:370,1
DA:372,2
DA:374,2
DA:375,1
DA:381,1
LF:135
LH:96
BRDA:14,0,0,0
BRDA:14,0,1,0
BRDA:14,1,0,0
BRDA:14,1,1,0
BRDA:41,2,0,0
BRDA:41,2,1,0
BRDA:50,3,0,0
BRDA:50,3,1,0
BRDA:87,4,0,1
BRDA:87,4,1,1
BRDA:95,5,0,1
BRDA:95,5,1,0
BRDA:96,6,0,1
BRDA:96,6,1,0
BRDA:115,7,0,1
BRDA:115,7,1,1
BRDA:139,8,0,1
BRDA:139,8,1,1
BRDA:165,9,0,2
BRDA:165,9,1,3
BRDA:173,10,0,2
BRDA:173,10,1,2
BRDA:176,11,0,1
BRDA:176,11,1,1
BRDA:202,12,0,3
BRDA:202,12,1,4
BRDA:211,13,0,0
BRDA:211,13,1,4
BRDA:211,14,0,4
BRDA:211,14,1,0
BRDA:220,15,0,0
BRDA:220,15,1,0
BRDA:236,16,0,0
BRDA:236,16,1,4
BRDA:236,17,0,4
BRDA:236,17,1,4
BRDA:240,18,0,0
BRDA:240,18,1,0
BRDA:242,19,0,0
BRDA:242,19,1,0
BRDA:243,20,0,0
BRDA:243,20,1,0
BRDA:243,20,2,0
BRDA:251,21,0,0
BRDA:251,21,1,0
BRDA:252,22,0,0
BRDA:252,22,1,0
BRDA:252,22,2,0
BRDA:267,23,0,1
BRDA:267,23,1,1
BRDA:287,24,0,2
BRDA:287,24,1,3
BRDA:304,25,0,0
BRDA:304,25,1,2
BRDA:323,26,0,1
BRDA:323,26,1,2
BRDA:347,27,0,3
BRDA:347,27,1,2
BRDA:348,28,0,3
BRDA:348,28,1,2
BRDA:374,29,0,1
BRDA:374,29,1,1
BRF:62
BRH:34
end_of_record
TN:
SF:src\controllers\tokenValidationController.js
FN:10,(anonymous_0)
FNF:1
FNH:1
FNDA:6,(anonymous_0)
DA:10,1
DA:11,6
DA:12,6
DA:14,6
DA:15,1
DA:16,1
DA:23,5
DA:28,5
DA:30,4
DA:31,1
DA:32,1
DA:39,3
DA:44,3
DA:54,1
DA:55,1
LF:15
LH:15
BRDA:14,0,0,1
BRDA:14,0,1,5
BRDA:30,1,0,1
BRDA:30,1,1,3
BRF:4
BRH:4
end_of_record
TN:
SF:src\controllers\twoFactorController.js
FN:8,(anonymous_0)
FN:55,(anonymous_1)
FN:130,(anonymous_2)
FN:190,(anonymous_3)
FN:220,(anonymous_4)
FN:258,(anonymous_5)
FN:314,(anonymous_6)
FNF:7
FNH:7
FNDA:5,(anonymous_0)
FNDA:8,(anonymous_1)
FNDA:7,(anonymous_2)
FNDA:3,(anonymous_3)
FNDA:4,(anonymous_4)
FNDA:6,(anonymous_5)
FNDA:7,(anonymous_6)
DA:8,1
DA:9,5
DA:10,5
DA:12,5
DA:13,1
DA:19,4
DA:21,1
DA:28,3
DA:30,3
DA:31,1
DA:37,2
DA:38,1
DA:44,1
DA:55,1
DA:56,8
DA:57,8
DA:58,8
DA:60,8
DA:61,1
DA:67,7
DA:68,1
DA:74,6
DA:75,1
DA:81,5
DA:83,1
DA:89,4
DA:91,4
DA:92,1
DA:98,3
DA:99,0
DA:105,3
DA:106,1
DA:112,2
DA:113,1
DA:119,1
DA:130,1
DA:131,7
DA:132,7
DA:133,7
DA:135,7
DA:136,1
DA:142,6
DA:143,1
DA:149,5
DA:151,1
DA:156,4
DA:158,4
DA:159,1
DA:165,3
DA:166,1
DA:172,2
DA:173,1
DA:179,1
DA:190,1
DA:191,3
DA:192,3
DA:194,3
DA:195,1
DA:201,2
DA:203,1
DA:207,1
DA:209,1
DA:220,1
DA:221,4
DA:222,4
DA:224,4
DA:225,1
DA:231,3
DA:233,1
DA:238,2
DA:240,2
DA:241,1
DA:247,1
DA:258,1
DA:259,6
DA:260,6
DA:261,6
DA:263,6
DA:264,1
DA:270,5
DA:271,1
DA:277,4
DA:282,1
DA:287,3
DA:289,3
DA:290,1
DA:296,2
DA:297,1
DA:303,1
DA:314,1
DA:315,7
DA:316,7
DA:318,7
DA:319,1
DA:325,6
DA:326,1
DA:332,5
DA:337,1
DA:343,4
DA:345,4
DA:349,2
DA:355,2
DA:356,1
DA:362,1
LF:104
LH:103
BRDA:12,0,0,1
BRDA:12,0,1,4
BRDA:30,1,0,1
BRDA:30,1,1,2
BRDA:37,2,0,1
BRDA:37,2,1,1
BRDA:60,3,0,1
BRDA:60,3,1,7
BRDA:67,4,0,1
BRDA:67,4,1,6
BRDA:74,5,0,1
BRDA:74,5,1,5
BRDA:74,6,0,6
BRDA:74,6,1,6
BRDA:91,7,0,1
BRDA:91,7,1,3
BRDA:98,8,0,0
BRDA:98,8,1,3
BRDA:105,9,0,1
BRDA:105,9,1,2
BRDA:112,10,0,1
BRDA:112,10,1,1
BRDA:135,11,0,1
BRDA:135,11,1,6
BRDA:142,12,0,1
BRDA:142,12,1,5
BRDA:158,13,0,1
BRDA:158,13,1,3
BRDA:165,14,0,1
BRDA:165,14,1,2
BRDA:172,15,0,1
BRDA:172,15,1,1
BRDA:194,16,0,1
BRDA:194,16,1,2
BRDA:224,17,0,1
BRDA:224,17,1,3
BRDA:240,18,0,1
BRDA:240,18,1,1
BRDA:263,19,0,1
BRDA:263,19,1,5
BRDA:270,20,0,1
BRDA:270,20,1,4
BRDA:289,21,0,1
BRDA:289,21,1,2
BRDA:296,22,0,1
BRDA:296,22,1,1
BRDA:318,23,0,1
BRDA:318,23,1,6
BRDA:325,24,0,1
BRDA:325,24,1,5
BRDA:345,25,0,2
BRDA:345,25,1,2
BRDA:346,26,0,4
BRDA:346,26,1,3
BRDA:355,27,0,1
BRDA:355,27,1,1
BRF:56
BRH:55
end_of_record
TN:
SF:src\controllers\uploadController.js
FN:23,(anonymous_0)
FN:116,(anonymous_1)
FN:127,(anonymous_2)
FN:185,(anonymous_3)
FNF:4
FNH:4
FNDA:17,(anonymous_0)
FNDA:6,(anonymous_1)
FNDA:4,(anonymous_2)
FNDA:4,(anonymous_3)
DA:10,1
DA:23,1
DA:24,17
DA:25,17
DA:27,17
DA:28,3
DA:34,3
DA:37,3
DA:39,3
DA:40,1
DA:47,16
DA:48,2
DA:54,14
DA:55,1
DA:61,13
DA:62,13
DA:63,2
DA:69,11
DA:74,11
DA:79,11
DA:80,11
DA:83,11
DA:91,11
DA:94,10
DA:96,10
DA:102,1
DA:103,1
DA:116,1
DA:117,6
DA:118,6
DA:119,6
DA:121,6
DA:122,5
DA:123,1
DA:126,4
DA:127,4
DA:130,4
DA:131,1
DA:134,3
DA:135,3
DA:137,3
DA:138,2
DA:141,3
DA:142,2
DA:143,2
DA:147,2
DA:148,1
DA:150,1
DA:157,3
DA:158,3
DA:159,3
DA:161,3
DA:175,3
DA:179,0
DA:184,3
DA:185,4
DA:187,3
DA:189,3
DA:193,3
DA:198,1
DA:199,1
LF:61
LH:60
BRDA:25,0,0,7
BRDA:27,1,0,3
BRDA:27,1,1,14
BRDA:39,2,0,1
BRDA:39,2,1,2
BRDA:47,3,0,2
BRDA:47,3,1,14
BRDA:47,4,0,16
BRDA:47,4,1,15
BRDA:54,5,0,1
BRDA:54,5,1,13
BRDA:62,6,0,2
BRDA:62,6,1,11
BRDA:122,7,0,1
BRDA:122,7,1,4
BRDA:130,8,0,1
BRDA:130,8,1,3
BRDA:137,9,0,2
BRDA:137,9,1,1
BRDA:137,10,0,3
BRDA:137,10,1,3
BRDA:141,11,0,2
BRDA:141,11,1,1
BRDA:158,12,0,3
BRDA:158,12,1,3
BRF:25
BRH:25
end_of_record
TN:
SF:src\middlewares\authMiddlewares.js
FN:24,(anonymous_0)
FN:26,(anonymous_1)
FN:54,(anonymous_2)
FNF:3
FNH:3
FNDA:19,(anonymous_0)
FNDA:192,(anonymous_1)
FNDA:4,(anonymous_2)
DA:4,1
DA:24,1
DA:26,19
DA:27,192
DA:28,35
DA:30,157
DA:33,19
DA:34,11
DA:37,8
DA:38,1
DA:44,7
DA:45,7
DA:46,7
DA:47,7
DA:49,7
DA:53,4
DA:54,4
DA:57,4
DA:62,4
DA:65,4
DA:69,3
DA:71,3
DA:72,1
DA:73,1
DA:80,2
DA:82,2
DA:83,1
DA:84,1
DA:91,1
DA:92,1
DA:95,1
LF:31
LH:31
BRDA:27,0,0,35
BRDA:27,0,1,157
BRDA:33,1,0,11
BRDA:33,1,1,8
BRDA:37,2,0,1
BRDA:37,2,1,7
BRDA:49,3,0,4
BRDA:49,3,1,3
BRDA:49,4,0,7
BRDA:49,4,1,4
BRDA:53,5,0,3
BRDA:53,5,1,1
BRDA:55,6,0,1
BRDA:55,6,1,1
BRDA:59,7,0,4
BRDA:59,7,1,2
BRDA:71,8,0,1
BRDA:71,8,1,2
BRDA:82,9,0,1
BRDA:82,9,1,1
BRDA:93,10,0,1
BRDA:93,10,1,0
BRF:22
BRH:21
end_of_record
TN:
SF:src\middlewares\internalMiddleware.js
FN:7,(anonymous_0)
FNF:1
FNH:1
FNDA:9,(anonymous_0)
DA:7,1
DA:8,9
DA:9,9
DA:11,9
DA:12,1
DA:13,1
DA:19,8
DA:20,7
DA:23,7
DA:29,1
DA:30,1
LF:11
LH:11
BRDA:11,0,0,1
BRDA:11,0,1,8
BRDA:19,1,0,7
BRDA:19,1,1,1
BRDA:19,2,0,8
BRDA:19,2,1,5
BRDA:21,3,0,4
BRDA:21,3,1,3
BRF:8
BRH:8
end_of_record
TN:
SF:src\middlewares\roleMiddleware.js
FN:15,(anonymous_0)
FN:16,(anonymous_1)
FN:42,(anonymous_2)
FN:56,(anonymous_3)
FNF:4
FNH:4
FNDA:11,(anonymous_0)
FNDA:13,(anonymous_1)
FNDA:2,(anonymous_2)
FNDA:11,(anonymous_3)
DA:15,1
DA:16,11
DA:19,13
DA:20,1
DA:23,1
DA:30,12
DA:32,12
DA:33,2
DA:34,2
DA:41,10
DA:42,2
DA:45,10
DA:46,1
DA:49,1
DA:56,9
DA:57,11
DA:60,9
DA:61,3
DA:64,3
DA:73,6
DA:76,6
DA:84,1
DA:91,1
LF:23
LH:23
BRDA:19,0,0,1
BRDA:19,0,1,12
BRDA:32,1,0,2
BRDA:32,1,1,10
BRDA:41,2,0,1
BRDA:41,2,1,9
BRDA:45,3,0,1
BRDA:45,3,1,9
BRDA:60,4,0,3
BRDA:60,4,1,6
BRF:10
BRH:10
end_of_record
TN:
SF:src\services\adminService.js
FN:10,(anonymous_0)
FN:25,(anonymous_1)
FN:43,(anonymous_2)
FN:62,(anonymous_3)
FN:70,(anonymous_4)
FN:99,(anonymous_5)
FNF:6
FNH:6
FNDA:3,(anonymous_0)
FNDA:3,(anonymous_1)
FNDA:2,(anonymous_2)
FNDA:4,(anonymous_3)
FNDA:5,(anonymous_4)
FNDA:6,(anonymous_5)
DA:10,1
DA:11,3
DA:12,3
DA:13,2
DA:15,1
DA:16,1
DA:25,1
DA:26,3
DA:27,3
DA:28,2
DA:29,1
DA:31,1
DA:33,2
DA:34,2
DA:43,1
DA:44,2
DA:45,2
DA:46,2
DA:47,1
DA:49,1
DA:51,1
DA:52,1
DA:62,1
DA:63,4
DA:64,4
DA:65,4
DA:66,1
DA:69,3
DA:70,3
DA:71,5
DA:72,3
DA:76,3
DA:77,2
DA:79,2
DA:87,2
DA:89,2
DA:90,2
DA:99,1
DA:100,6
DA:101,6
DA:102,6
DA:103,1
DA:105,5
DA:106,2
DA:107,2
DA:108,1
DA:112,4
DA:113,4
DA:114,4
DA:115,3
DA:116,2
DA:119,1
DA:124,4
DA:129,4
DA:130,4
DA:131,4
DA:133,2
DA:134,2
LF:58
LH:58
BRDA:28,0,0,1
BRDA:28,0,1,1
BRDA:46,1,0,1
BRDA:46,1,1,1
BRDA:65,2,0,1
BRDA:65,2,1,3
BRDA:71,3,0,3
BRDA:71,3,1,2
BRDA:102,4,0,1
BRDA:102,4,1,5
BRDA:105,5,0,2
BRDA:105,5,1,3
BRDA:107,6,0,1
BRDA:107,6,1,1
BRDA:114,7,0,3
BRDA:114,7,1,1
BRF:16
BRH:16
end_of_record
TN:
SF:src\services\authService.js
FN:14,(anonymous_0)
FN:128,(anonymous_1)
FN:174,(anonymous_2)
FN:212,(anonymous_3)
FN:249,(anonymous_4)
FN:260,(anonymous_5)
FN:293,(anonymous_6)
FN:326,(anonymous_7)
FN:368,(anonymous_8)
FN:407,(anonymous_9)
FN:445,(anonymous_10)
FNF:11
FNH:7
FNDA:5,(anonymous_0)
FNDA:4,(anonymous_1)
FNDA:3,(anonymous_2)
FNDA:5,(anonymous_3)
FNDA:2,(anonymous_4)
FNDA:0,(anonymous_5)
FNDA:0,(anonymous_6)
FNDA:0,(anonymous_7)
FNDA:0,(anonymous_8)
FNDA:4,(anonymous_9)
FNDA:5,(anonymous_10)
DA:14,1
DA:15,5
DA:17,5
DA:21,5
DA:22,2
DA:23,1
DA:25,1
DA:26,1
DA:31,3
DA:32,3
DA:34,3
DA:44,3
DA:45,3
DA:51,1
DA:54,1
DA:55,1
DA:59,2
DA:61,2
DA:63,2
DA:65,2
DA:66,0
DA:80,0
DA:81,0
DA:82,0
DA:86,0
DA:89,2
DA:92,0
DA:97,2
DA:106,2
DA:107,2
DA:113,0
DA:118,2
DA:119,2
DA:128,1
DA:130,4
DA:134,4
DA:135,1
DA:138,3
DA:139,3
DA:140,1
DA:143,2
DA:144,0
DA:145,0
DA:147,0
DA:149,0
DA:155,2
DA:156,2
DA:160,2
DA:162,2
DA:174,1
DA:176,3
DA:178,3
DA:179,1
DA:182,2
DA:184,2
DA:185,1
DA:188,1
DA:190,1
DA:195,1
DA:200,1
DA:212,1
DA:213,5
DA:214,3
DA:215,3
DA:219,2
DA:220,1
DA:222,1
DA:225,1
DA:231,5
DA:236,5
DA:237,1
DA:240,4
DA:241,4
DA:249,1
DA:250,2
DA:251,2
DA:252,2
DA:260,1
DA:261,0
DA:266,0
DA:267,0
DA:270,0
DA:271,0
DA:272,0
DA:273,0
DA:275,0
DA:276,0
DA:281,0
DA:284,0
DA:285,0
DA:293,1
DA:294,0
DA:296,0
DA:297,0
DA:300,0
DA:301,0
DA:304,0
DA:305,0
DA:307,0
DA:308,0
DA:309,0
DA:311,0
DA:317,0
DA:318,0
DA:326,1
DA:327,0
DA:329,0
DA:330,0
DA:331,0
DA:336,0
DA:337,0
DA:339,0
DA:340,0
DA:341,0
DA:343,0
DA:344,0
DA:349,0
DA:351,0
DA:356,0
DA:368,1
DA:369,0
DA:374,0
DA:375,0
DA:378,0
DA:379,0
DA:380,0
DA:381,0
DA:383,0
DA:385,0
DA:386,0
DA:391,0
DA:396,0
DA:397,0
DA:407,1
DA:408,4
DA:409,4
DA:410,1
DA:413,3
DA:414,3
DA:415,1
DA:418,2
DA:419,1
DA:422,1
DA:423,1
DA:425,1
DA:426,1
DA:431,0
DA:436,1
DA:437,1
DA:445,1
DA:446,5
DA:448,5
DA:449,5
DA:450,1
DA:451,1
DA:452,1
DA:455,4
DA:457,4
DA:459,4
DA:460,4
DA:461,3
DA:463,1
DA:466,4
DA:467,4
DA:468,0
DA:470,4
DA:473,4
DA:474,4
DA:476,4
DA:484,4
LF:170
LH:105
BRDA:21,0,0,2
BRDA:21,0,1,3
BRDA:22,1,0,1
BRDA:22,1,1,1
BRDA:25,2,0,1
BRDA:25,2,1,0
BRDA:38,3,0,3
BRDA:38,3,1,1
BRDA:61,4,0,2
BRDA:61,4,1,2
BRDA:65,5,0,0
BRDA:65,5,1,2
BRDA:80,6,0,0
BRDA:80,6,1,0
BRDA:134,7,0,1
BRDA:134,7,1,3
BRDA:139,8,0,1
BRDA:139,8,1,2
BRDA:143,9,0,0
BRDA:143,9,1,2
BRDA:178,10,0,1
BRDA:178,10,1,2
BRDA:184,11,0,1
BRDA:184,11,1,1
BRDA:197,12,0,0
BRDA:197,12,1,1
BRDA:213,13,0,3
BRDA:213,13,1,2
BRDA:219,14,0,1
BRDA:219,14,1,1
BRDA:236,15,0,1
BRDA:236,15,1,4
BRDA:266,16,0,0
BRDA:266,16,1,0
BRDA:296,17,0,0
BRDA:296,17,1,0
BRDA:300,18,0,0
BRDA:300,18,1,0
BRDA:329,19,0,0
BRDA:329,19,1,0
BRDA:374,20,0,0
BRDA:374,20,1,0
BRDA:409,21,0,1
BRDA:409,21,1,3
BRDA:414,22,0,1
BRDA:414,22,1,2
BRDA:418,23,0,1
BRDA:418,23,1,1
BRDA:449,24,0,1
BRDA:449,24,1,4
BRF:50
BRH:34
end_of_record
TN:
SF:src\services\emailService.js
FN:17,(anonymous_0)
FN:24,(anonymous_1)
FN:64,(anonymous_2)
FN:88,(anonymous_3)
FN:104,(anonymous_4)
FN:129,(anonymous_5)
FN:139,(anonymous_6)
FN:147,(anonymous_7)
FN:165,(anonymous_8)
FN:181,(anonymous_9)
FN:195,(anonymous_10)
FN:233,(anonymous_11)
FN:281,(anonymous_12)
FN:293,(anonymous_13)
FN:300,(anonymous_14)
FN:347,(anonymous_15)
FN:395,(anonymous_16)
FN:430,(anonymous_17)
FNF:18
FNH:17
FNDA:0,(anonymous_0)
FNDA:1,(anonymous_1)
FNDA:10,(anonymous_2)
FNDA:4,(anonymous_3)
FNDA:9,(anonymous_4)
FNDA:5,(anonymous_5)
FNDA:21,(anonymous_6)
FNDA:4,(anonymous_7)
FNDA:9,(anonymous_8)
FNDA:10,(anonymous_9)
FNDA:9,(anonymous_10)
FNDA:10,(anonymous_11)
FNDA:8,(anonymous_12)
FNDA:8,(anonymous_13)
FNDA:4,(anonymous_14)
FNDA:2,(anonymous_15)
FNDA:2,(anonymous_16)
FNDA:2,(anonymous_17)
DA:9,1
DA:17,1
DA:18,0
DA:19,0
DA:20,0
DA:24,1
DA:40,1
DA:46,1
DA:52,1
DA:64,1
DA:65,10
DA:67,10
DA:69,9
DA:72,1
DA:73,0
DA:74,0
DA:75,0
DA:76,0
DA:78,1
DA:81,0
DA:84,0
DA:88,1
DA:89,4
DA:90,0
DA:91,0
DA:92,0
DA:93,0
DA:94,0
DA:95,0
DA:99,4
DA:100,4
DA:104,1
DA:105,9
DA:106,9
DA:108,9
DA:110,0
DA:111,0
DA:112,0
DA:115,9
DA:120,0
DA:121,0
DA:122,0
DA:129,5
DA:139,1
DA:140,21
DA:141,21
DA:142,21
DA:143,21
DA:144,21
DA:147,1
DA:148,4
DA:149,4
DA:150,4
DA:151,4
DA:152,3
DA:159,1
DA:165,1
DA:166,9
DA:167,1
DA:168,0
DA:170,1
DA:172,9
DA:181,1
DA:182,10
DA:183,1
DA:186,1
DA:189,1
DA:195,9
DA:196,9
DA:197,9
DA:199,8
DA:200,4
DA:201,4
DA:204,4
DA:205,4
DA:207,5
DA:208,5
DA:213,1
DA:214,1
DA:215,1
DA:217,1
DA:233,10
DA:281,8
DA:293,8
DA:300,1
DA:305,4
DA:307,4
DA:325,4
DA:326,4
DA:339,1
DA:340,1
DA:342,3
DA:343,3
DA:347,1
DA:352,2
DA:353,2
DA:355,2
DA:373,2
DA:374,2
DA:387,1
DA:388,1
DA:390,1
DA:391,1
DA:395,1
DA:396,2
DA:398,2
DA:409,2
DA:410,2
DA:422,1
DA:423,1
DA:425,1
DA:426,1
DA:430,1
DA:431,2
DA:445,2
DA:446,2
DA:458,1
DA:459,1
DA:461,1
DA:462,1
LF:120
LH:98
BRDA:19,0,0,0
BRDA:19,0,1,0
BRDA:67,1,0,9
BRDA:67,1,1,1
BRDA:67,1,2,0
BRDA:67,1,3,0
BRDA:72,2,0,0
BRDA:72,2,1,1
BRDA:89,3,0,0
BRDA:89,3,1,4
BRDA:91,4,0,0
BRDA:91,4,1,0
BRDA:99,5,0,4
BRDA:99,5,1,0
BRDA:108,6,0,0
BRDA:108,6,1,9
BRDA:115,7,0,0
BRDA:115,7,1,9
BRDA:116,8,0,9
BRDA:116,8,1,9
BRDA:147,9,0,0
BRDA:149,10,0,4
BRDA:149,10,1,0
BRDA:151,11,0,3
BRDA:151,11,1,1
BRDA:166,12,0,1
BRDA:166,12,1,8
BRDA:167,13,0,0
BRDA:167,13,1,1
BRDA:182,14,0,1
BRDA:182,14,1,9
BRDA:199,15,0,4
BRDA:199,15,1,4
BRDA:267,16,0,6
BRDA:267,16,1,4
BRDA:281,17,0,6
BRDA:293,18,0,0
BRF:37
BRH:22
end_of_record
TN:
SF:src\services\profileService.js
FN:9,createProfile
FN:60,getProfileByUserId
FN:78,getFullProfileByUserId
FN:95,getProfileByUsername
FN:113,updateProfile
FN:117,(anonymous_5)
FN:119,(anonymous_6)
FN:120,(anonymous_7)
FN:165,deleteProfile
FN:191,searchProfiles
FN:217,getAllProfiles
FN:248,getProfileCompletionStatus
FN:337,(anonymous_12)
FN:338,(anonymous_13)
FN:346,(anonymous_14)
FN:357,(anonymous_15)
FNF:16
FNH:14
FNDA:4,createProfile
FNDA:3,getProfileByUserId
FNDA:3,getFullProfileByUserId
FNDA:2,getProfileByUsername
FNDA:5,updateProfile
FNDA:15,(anonymous_5)
FNDA:9,(anonymous_6)
FNDA:12,(anonymous_7)
FNDA:3,deleteProfile
FNDA:0,searchProfiles
FNDA:0,getAllProfiles
FNDA:4,getProfileCompletionStatus
FNDA:18,(anonymous_12)
FNDA:12,(anonymous_13)
FNDA:10,(anonymous_14)
FNDA:18,(anonymous_15)
DA:10,4
DA:11,4
DA:13,4
DA:14,3
DA:19,1
DA:44,1
DA:46,1
DA:48,1
DA:50,3
DA:51,3
DA:61,3
DA:62,3
DA:66,2
DA:68,1
DA:69,1
DA:79,3
DA:80,3
DA:81,2
DA:83,1
DA:86,1
DA:96,2
DA:97,2
DA:98,2
DA:100,0
DA:103,0
DA:114,5
DA:116,5
DA:117,15
DA:119,5
DA:120,9
DA:121,12
DA:122,12
DA:124,12
DA:131,4
DA:133,8
DA:135,12
DA:139,5
DA:141,5
DA:147,5
DA:148,1
DA:151,4
DA:153,4
DA:155,1
DA:156,1
DA:166,3
DA:167,3
DA:169,2
DA:170,1
DA:173,1
DA:175,1
DA:177,2
DA:178,2
DA:192,0
DA:193,0
DA:194,0
DA:204,0
DA:206,0
DA:207,0
DA:218,0
DA:219,0
DA:221,0
DA:229,0
DA:238,0
DA:239,0
DA:249,4
DA:250,4
DA:252,3
DA:253,1
DA:256,2
DA:257,2
DA:258,2
DA:259,2
DA:337,18
DA:338,12
DA:339,2
DA:344,2
DA:346,10
DA:348,2
DA:357,18
DA:361,2
DA:362,2
LF:81
LH:67
BRDA:13,0,0,3
BRDA:13,0,1,1
BRDA:13,1,0,4
BRDA:13,1,1,3
BRDA:13,1,2,2
BRDA:119,2,0,5
BRDA:121,3,0,6
BRDA:121,3,1,6
BRDA:124,4,0,4
BRDA:124,4,1,8
BRDA:125,5,0,12
BRDA:125,5,1,12
BRDA:125,5,2,4
BRDA:125,5,3,4
BRDA:125,5,4,4
BRDA:147,6,0,1
BRDA:147,6,1,4
BRDA:169,7,0,1
BRDA:169,7,1,1
BRDA:217,8,0,0
BRDA:217,9,0,0
BRDA:252,10,0,1
BRDA:252,10,1,2
BRDA:258,11,0,2
BRDA:258,11,1,1
BRDA:266,12,0,2
BRDA:266,12,1,1
BRDA:266,12,2,1
BRDA:291,13,0,2
BRDA:291,13,1,1
BRDA:299,14,0,2
BRDA:299,14,1,2
BRDA:308,15,0,2
BRDA:308,15,1,2
BRDA:317,16,0,2
BRDA:317,16,1,2
BRDA:344,17,0,1
BRDA:344,17,1,1
BRDA:346,18,0,2
BRDA:346,18,1,1
BRDA:346,19,0,10
BRDA:346,19,1,7
BRDA:352,20,0,1
BRDA:352,20,1,1
BRF:44
BRH:42
end_of_record
TN:
SF:src\services\tokenService.js
FN:22,(anonymous_0)
FN:47,(anonymous_1)
FN:94,(anonymous_2)
FN:135,(anonymous_3)
FN:177,(anonymous_4)
FN:223,(anonymous_5)
FN:272,(anonymous_6)
FN:311,(anonymous_7)
FN:343,(anonymous_8)
FN:384,(anonymous_9)
FNF:10
FNH:10
FNDA:1,(anonymous_0)
FNDA:2,(anonymous_1)
FNDA:4,(anonymous_2)
FNDA:4,(anonymous_3)
FNDA:7,(anonymous_4)
FNDA:6,(anonymous_5)
FNDA:3,(anonymous_6)
FNDA:4,(anonymous_7)
FNDA:3,(anonymous_8)
FNDA:2,(anonymous_9)
DA:7,1
DA:8,1
DA:9,1
DA:12,1
DA:13,1
DA:14,1
DA:15,1
DA:22,1
DA:23,1
DA:24,1
DA:26,1
DA:28,0
DA:30,1
DA:32,0
DA:34,0
DA:36,0
DA:40,1
DA:47,1
DA:48,2
DA:50,2
DA:57,2
DA:61,2
DA:63,2
DA:71,2
DA:72,2
DA:78,2
DA:79,2
DA:80,2
DA:82,2
DA:83,2
DA:85,2
DA:86,2
DA:94,1
DA:95,4
DA:97,4
DA:98,4
DA:100,4
DA:101,4
DA:103,4
DA:111,4
DA:112,4
DA:118,4
DA:119,4
DA:120,4
DA:122,4
DA:123,4
DA:125,4
DA:126,4
DA:135,1
DA:136,4
DA:138,4
DA:140,4
DA:141,4
DA:143,3
DA:144,1
DA:145,1
DA:148,2
DA:149,2
DA:151,2
DA:152,1
DA:153,1
DA:156,1
DA:158,1
DA:160,1
DA:166,1
DA:167,1
DA:177,1
DA:178,7
DA:180,7
DA:181,7
DA:183,4
DA:184,4
DA:186,3
DA:187,1
DA:188,1
DA:191,2
DA:192,2
DA:194,2
DA:195,1
DA:196,1
DA:199,1
DA:201,1
DA:207,4
DA:208,1
DA:209,3
DA:210,2
DA:212,1
DA:214,4
DA:223,1
DA:224,6
DA:226,6
DA:227,6
DA:228,6
DA:230,5
DA:231,1
DA:232,1
DA:235,4
DA:236,4
DA:238,4
DA:239,1
DA:240,1
DA:243,3
DA:245,3
DA:246,3
DA:247,1
DA:248,1
DA:251,2
DA:252,2
DA:254,2
DA:261,1
DA:262,1
DA:272,1
DA:273,3
DA:275,3
DA:276,3
DA:278,3
DA:279,1
DA:284,2
DA:285,2
DA:287,2
DA:288,1
DA:290,1
DA:295,2
DA:297,2
DA:298,2
DA:300,1
DA:301,1
DA:311,1
DA:312,4
DA:314,4
DA:315,4
DA:316,4
DA:318,3
DA:319,1
DA:320,1
DA:324,2
DA:325,2
DA:327,2
DA:328,2
DA:330,2
DA:331,2
DA:333,1
DA:334,1
DA:343,1
DA:344,3
DA:346,3
DA:347,3
DA:349,3
DA:350,3
DA:352,2
DA:353,2
DA:354,2
DA:355,2
DA:357,2
DA:359,2
DA:360,2
DA:362,2
DA:363,1
DA:364,1
DA:365,1
DA:367,2
DA:369,2
DA:372,2
DA:374,1
DA:375,1
DA:384,1
DA:385,2
DA:387,2
DA:388,2
DA:389,2
DA:391,2
DA:392,1
DA:394,1
DA:401,1
DA:402,1
LF:175
LH:171
BRDA:12,0,0,1
BRDA:12,0,1,1
BRDA:13,1,0,1
BRDA:13,1,1,1
BRDA:26,2,0,0
BRDA:26,2,1,1
BRDA:26,2,2,0
BRDA:26,2,3,0
BRDA:26,2,4,0
BRDA:143,3,0,1
BRDA:143,3,1,2
BRDA:151,4,0,1
BRDA:151,4,1,1
BRDA:186,5,0,1
BRDA:186,5,1,2
BRDA:194,6,0,1
BRDA:194,6,1,1
BRDA:207,7,0,1
BRDA:207,7,1,3
BRDA:209,8,0,2
BRDA:209,8,1,1
BRDA:230,9,0,1
BRDA:230,9,1,4
BRDA:238,10,0,1
BRDA:238,10,1,3
BRDA:246,11,0,1
BRDA:246,11,1,2
BRDA:252,12,0,2
BRDA:252,12,1,2
BRDA:278,13,0,1
BRDA:278,13,1,2
BRDA:311,14,0,0
BRDA:318,15,0,1
BRDA:318,15,1,2
BRDA:324,16,0,1
BRDA:324,16,1,1
BRF:36
BRH:31
end_of_record
TN:
SF:src\services\twoFactorService.js
FN:24,(anonymous_0)
FN:57,(anonymous_1)
FN:73,(anonymous_2)
FN:116,(anonymous_3)
FN:158,(anonymous_4)
FN:193,(anonymous_5)
FN:212,(anonymous_6)
FN:245,(anonymous_7)
FN:272,(anonymous_8)
FN:315,(anonymous_9)
FNF:10
FNH:10
FNDA:3,(anonymous_0)
FNDA:2,(anonymous_1)
FNDA:5,(anonymous_2)
FNDA:5,(anonymous_3)
FNDA:8,(anonymous_4)
FNDA:2,(anonymous_5)
FNDA:2,(anonymous_6)
FNDA:1,(anonymous_7)
FNDA:4,(anonymous_8)
FNDA:3,(anonymous_9)
DA:10,1
DA:16,1
DA:17,1
DA:24,1
DA:25,3
DA:26,3
DA:27,1
DA:30,2
DA:31,1
DA:34,1
DA:36,1
DA:38,1
DA:40,1
DA:41,1
DA:43,1
DA:45,1
DA:57,1
DA:58,2
DA:59,2
DA:61,20
DA:62,20
DA:64,2
DA:73,1
DA:74,5
DA:75,5
DA:76,1
DA:79,4
DA:80,1
DA:83,3
DA:84,1
DA:87,2
DA:92,2
DA:93,1
DA:96,1
DA:98,1
DA:99,1
DA:100,1
DA:102,1
DA:104,1
DA:116,1
DA:117,5
DA:118,5
DA:119,1
DA:122,4
DA:123,1
DA:126,3
DA:131,3
DA:132,3
DA:134,3
DA:135,1
DA:138,2
DA:139,1
DA:142,2
DA:143,2
DA:144,2
DA:145,2
DA:147,2
DA:149,2
DA:158,1
DA:159,8
DA:160,8
DA:161,2
DA:164,6
DA:165,1
DA:168,5
DA:173,5
DA:174,2
DA:177,3
DA:178,3
DA:179,1
DA:180,1
DA:181,1
DA:182,1
DA:185,2
DA:193,1
DA:194,2
DA:195,2
DA:196,0
DA:199,2
DA:200,1
DA:203,1
DA:212,1
DA:213,2
DA:214,2
DA:215,0
DA:218,2
DA:219,0
DA:222,2
DA:227,2
DA:228,1
DA:231,1
DA:232,1
DA:233,1
DA:235,1
DA:237,1
DA:245,1
DA:246,1
DA:248,1
DA:249,1
DA:250,1
DA:261,1
DA:263,1
DA:272,1
DA:273,4
DA:274,4
DA:276,4
DA:277,4
DA:278,1
DA:281,3
DA:283,3
DA:284,2
DA:285,1
DA:288,1
DA:290,1
DA:291,1
DA:292,0
DA:295,1
DA:296,1
DA:300,1
DA:304,1
DA:315,1
DA:316,3
DA:317,3
LF:123
LH:119
BRDA:16,0,0,1
BRDA:16,0,1,1
BRDA:26,1,0,1
BRDA:26,1,1,2
BRDA:30,2,0,1
BRDA:30,2,1,1
BRDA:57,3,0,0
BRDA:75,4,0,1
BRDA:75,4,1,4
BRDA:79,5,0,1
BRDA:79,5,1,3
BRDA:83,6,0,1
BRDA:83,6,1,2
BRDA:92,7,0,1
BRDA:92,7,1,1
BRDA:118,8,0,1
BRDA:118,8,1,4
BRDA:122,9,0,1
BRDA:122,9,1,3
BRDA:134,10,0,1
BRDA:134,10,1,2
BRDA:134,11,0,3
BRDA:134,11,1,2
BRDA:138,12,0,1
BRDA:138,12,1,1
BRDA:160,13,0,2
BRDA:160,13,1,6
BRDA:164,14,0,1
BRDA:164,14,1,5
BRDA:164,15,0,6
BRDA:164,15,1,5
BRDA:173,16,0,2
BRDA:173,16,1,3
BRDA:178,17,0,1
BRDA:178,17,1,2
BRDA:195,18,0,0
BRDA:195,18,1,2
BRDA:199,19,0,1
BRDA:199,19,1,1
BRDA:214,20,0,0
BRDA:214,20,1,2
BRDA:218,21,0,0
BRDA:218,21,1,2
BRDA:227,22,0,1
BRDA:227,22,1,1
BRDA:277,23,0,1
BRDA:277,23,1,3
BRDA:284,24,0,1
BRDA:284,24,1,1
BRDA:291,25,0,0
BRDA:291,25,1,1
BRDA:317,26,0,3
BRDA:317,26,1,2
BRF:53
BRH:48
end_of_record
